[2.722s] DEBUG:colcon:Command line arguments: ['/usr/bin/colcon', 'build']
[2.722s] DEBUG:colcon:Parsed command line arguments: Namespace(log_base=None, log_level=None, verb_name='build', build_base='build', install_base='install', merge_install=False, symlink_install=False, test_result_base=None, continue_on_error=False, executor='parallel', parallel_workers=8, event_handlers=None, ignore_user_meta=False, metas=['./colcon.meta'], base_paths=['.'], packages_ignore=None, packages_ignore_regex=None, paths=None, packages_up_to=None, packages_up_to_regex=None, packages_above=None, packages_above_and_dependencies=None, packages_above_depth=None, packages_select_by_dep=None, packages_skip_by_dep=None, packages_skip_up_to=None, packages_select_build_failed=False, packages_skip_build_finished=False, packages_select_test_failures=False, packages_skip_test_passed=False, packages_select=None, packages_skip=None, packages_select_regex=None, packages_skip_regex=None, packages_start=None, packages_end=None, allow_overriding=[], cmake_args=None, cmake_target=None, cmake_target_skip_unavailable=False, cmake_clean_cache=False, cmake_clean_first=False, cmake_force_configure=False, ament_cmake_args=None, catkin_cmake_args=None, catkin_skip_building_tests=False, verb_parser=<colcon_defaults.argument_parser.defaults.DefaultArgumentsDecorator object at 0x7ea08fc3c310>, verb_extension=<colcon_core.verb.build.BuildVerb object at 0x7ea08fc07e50>, main=<bound method BuildVerb.main of <colcon_core.verb.build.BuildVerb object at 0x7ea08fc07e50>>)
[5.991s] Level 1:colcon.colcon_core.package_discovery:discover_packages(colcon_meta) check parameters
[5.992s] Level 1:colcon.colcon_core.package_discovery:discover_packages(recursive) check parameters
[5.992s] Level 1:colcon.colcon_core.package_discovery:discover_packages(ignore) check parameters
[5.992s] Level 1:colcon.colcon_core.package_discovery:discover_packages(path) check parameters
[5.992s] Level 1:colcon.colcon_core.package_discovery:discover_packages(colcon_meta) discover
[5.992s] Level 1:colcon.colcon_core.package_discovery:discover_packages(recursive) discover
[5.992s] INFO:colcon.colcon_core.package_discovery:Crawling recursively for packages in '/home/inteli/modulo8-p2/ros2_ws'
[5.992s] Level 1:colcon.colcon_core.package_identification:_identify(.) by extensions ['ignore', 'ignore_ament_install']
[5.992s] Level 1:colcon.colcon_core.package_identification:_identify(.) by extension 'ignore'
[5.993s] Level 1:colcon.colcon_core.package_identification:_identify(.) by extension 'ignore_ament_install'
[5.993s] Level 1:colcon.colcon_core.package_identification:_identify(.) by extensions ['colcon_pkg']
[5.993s] Level 1:colcon.colcon_core.package_identification:_identify(.) by extension 'colcon_pkg'
[5.993s] Level 1:colcon.colcon_core.package_identification:_identify(.) by extensions ['colcon_meta']
[5.993s] Level 1:colcon.colcon_core.package_identification:_identify(.) by extension 'colcon_meta'
[5.993s] Level 1:colcon.colcon_core.package_identification:_identify(.) by extensions ['ros']
[5.993s] Level 1:colcon.colcon_core.package_identification:_identify(.) by extension 'ros'
[6.097s] Level 1:colcon.colcon_core.package_identification:_identify(.) by extensions ['cmake', 'python']
[6.098s] Level 1:colcon.colcon_core.package_identification:_identify(.) by extension 'cmake'
[6.098s] Level 1:colcon.colcon_core.package_identification:_identify(.) by extension 'python'
[6.098s] Level 1:colcon.colcon_core.package_identification:_identify(.) by extensions ['python_setup_py']
[6.098s] Level 1:colcon.colcon_core.package_identification:_identify(.) by extension 'python_setup_py'
[6.098s] Level 1:colcon.colcon_core.package_identification:_identify(build) by extensions ['ignore', 'ignore_ament_install']
[6.098s] Level 1:colcon.colcon_core.package_identification:_identify(build) by extension 'ignore'
[6.098s] Level 1:colcon.colcon_core.package_identification:_identify(build) ignored
[6.099s] Level 1:colcon.colcon_core.package_identification:_identify(install) by extensions ['ignore', 'ignore_ament_install']
[6.099s] Level 1:colcon.colcon_core.package_identification:_identify(install) by extension 'ignore'
[6.099s] Level 1:colcon.colcon_core.package_identification:_identify(install) ignored
[6.099s] Level 1:colcon.colcon_core.package_identification:_identify(log) by extensions ['ignore', 'ignore_ament_install']
[6.099s] Level 1:colcon.colcon_core.package_identification:_identify(log) by extension 'ignore'
[6.099s] Level 1:colcon.colcon_core.package_identification:_identify(log) ignored
[6.099s] Level 1:colcon.colcon_core.package_identification:_identify(src) by extensions ['ignore', 'ignore_ament_install']
[6.099s] Level 1:colcon.colcon_core.package_identification:_identify(src) by extension 'ignore'
[6.099s] Level 1:colcon.colcon_core.package_identification:_identify(src) by extension 'ignore_ament_install'
[6.100s] Level 1:colcon.colcon_core.package_identification:_identify(src) by extensions ['colcon_pkg']
[6.100s] Level 1:colcon.colcon_core.package_identification:_identify(src) by extension 'colcon_pkg'
[6.100s] Level 1:colcon.colcon_core.package_identification:_identify(src) by extensions ['colcon_meta']
[6.100s] Level 1:colcon.colcon_core.package_identification:_identify(src) by extension 'colcon_meta'
[6.100s] Level 1:colcon.colcon_core.package_identification:_identify(src) by extensions ['ros']
[6.100s] Level 1:colcon.colcon_core.package_identification:_identify(src) by extension 'ros'
[6.100s] Level 1:colcon.colcon_core.package_identification:_identify(src) by extensions ['cmake', 'python']
[6.100s] Level 1:colcon.colcon_core.package_identification:_identify(src) by extension 'cmake'
[6.100s] Level 1:colcon.colcon_core.package_identification:_identify(src) by extension 'python'
[6.100s] Level 1:colcon.colcon_core.package_identification:_identify(src) by extensions ['python_setup_py']
[6.100s] Level 1:colcon.colcon_core.package_identification:_identify(src) by extension 'python_setup_py'
[6.100s] Level 1:colcon.colcon_core.package_identification:_identify(src/build) by extensions ['ignore', 'ignore_ament_install']
[6.100s] Level 1:colcon.colcon_core.package_identification:_identify(src/build) by extension 'ignore'
[6.100s] Level 1:colcon.colcon_core.package_identification:_identify(src/build) ignored
[6.100s] Level 1:colcon.colcon_core.package_identification:_identify(src/chatbot) by extensions ['ignore', 'ignore_ament_install']
[6.101s] Level 1:colcon.colcon_core.package_identification:_identify(src/chatbot) by extension 'ignore'
[6.101s] Level 1:colcon.colcon_core.package_identification:_identify(src/chatbot) by extension 'ignore_ament_install'
[6.101s] Level 1:colcon.colcon_core.package_identification:_identify(src/chatbot) by extensions ['colcon_pkg']
[6.101s] Level 1:colcon.colcon_core.package_identification:_identify(src/chatbot) by extension 'colcon_pkg'
[6.101s] Level 1:colcon.colcon_core.package_identification:_identify(src/chatbot) by extensions ['colcon_meta']
[6.101s] Level 1:colcon.colcon_core.package_identification:_identify(src/chatbot) by extension 'colcon_meta'
[6.101s] Level 1:colcon.colcon_core.package_identification:_identify(src/chatbot) by extensions ['ros']
[6.101s] Level 1:colcon.colcon_core.package_identification:_identify(src/chatbot) by extension 'ros'
[6.156s] DEBUG:colcon.colcon_core.package_identification:Package 'src/chatbot' with type 'ros.ament_python' and name 'chatbot'
[6.156s] Level 1:colcon.colcon_core.package_identification:_identify(src/install) by extensions ['ignore', 'ignore_ament_install']
[6.157s] Level 1:colcon.colcon_core.package_identification:_identify(src/install) by extension 'ignore'
[6.157s] Level 1:colcon.colcon_core.package_identification:_identify(src/install) ignored
[6.157s] Level 1:colcon.colcon_core.package_identification:_identify(src/log) by extensions ['ignore', 'ignore_ament_install']
[6.157s] Level 1:colcon.colcon_core.package_identification:_identify(src/log) by extension 'ignore'
[6.157s] Level 1:colcon.colcon_core.package_identification:_identify(src/log) ignored
[6.157s] Level 1:colcon.colcon_core.package_discovery:discover_packages(recursive) using defaults
[6.157s] Level 1:colcon.colcon_core.package_discovery:discover_packages(ignore) discover
[6.157s] Level 1:colcon.colcon_core.package_discovery:discover_packages(ignore) using defaults
[6.157s] Level 1:colcon.colcon_core.package_discovery:discover_packages(path) discover
[6.157s] Level 1:colcon.colcon_core.package_discovery:discover_packages(path) using defaults
[6.517s] Level 1:colcon.colcon_core.package_discovery:discover_packages(prefix_path) check parameters
[6.517s] Level 1:colcon.colcon_core.package_discovery:discover_packages(prefix_path) discover
[6.612s] DEBUG:colcon.colcon_installed_package_information.package_discovery:Found 2 installed packages in /home/inteli/modulo8-p3/ros2_ws/install
[6.614s] DEBUG:colcon.colcon_installed_package_information.package_discovery:Found 272 installed packages in /opt/ros/humble
[6.630s] Level 1:colcon.colcon_core.package_discovery:discover_packages(prefix_path) using defaults
[6.753s] Level 5:colcon.colcon_core.verb:set package 'chatbot' build argument 'cmake_args' from command line to 'None'
[6.753s] Level 5:colcon.colcon_core.verb:set package 'chatbot' build argument 'cmake_target' from command line to 'None'
[6.753s] Level 5:colcon.colcon_core.verb:set package 'chatbot' build argument 'cmake_target_skip_unavailable' from command line to 'False'
[6.753s] Level 5:colcon.colcon_core.verb:set package 'chatbot' build argument 'cmake_clean_cache' from command line to 'False'
[6.753s] Level 5:colcon.colcon_core.verb:set package 'chatbot' build argument 'cmake_clean_first' from command line to 'False'
[6.753s] Level 5:colcon.colcon_core.verb:set package 'chatbot' build argument 'cmake_force_configure' from command line to 'False'
[6.753s] Level 5:colcon.colcon_core.verb:set package 'chatbot' build argument 'ament_cmake_args' from command line to 'None'
[6.753s] Level 5:colcon.colcon_core.verb:set package 'chatbot' build argument 'catkin_cmake_args' from command line to 'None'
[6.753s] Level 5:colcon.colcon_core.verb:set package 'chatbot' build argument 'catkin_skip_building_tests' from command line to 'False'
[6.753s] DEBUG:colcon.colcon_core.verb:Building package 'chatbot' with the following arguments: {'ament_cmake_args': None, 'build_base': '/home/inteli/modulo8-p2/ros2_ws/build/chatbot', 'catkin_cmake_args': None, 'catkin_skip_building_tests': False, 'cmake_args': None, 'cmake_clean_cache': False, 'cmake_clean_first': False, 'cmake_force_configure': False, 'cmake_target': None, 'cmake_target_skip_unavailable': False, 'install_base': '/home/inteli/modulo8-p2/ros2_ws/install/chatbot', 'merge_install': False, 'path': '/home/inteli/modulo8-p2/ros2_ws/src/chatbot', 'symlink_install': False, 'test_result_base': None}
[6.753s] INFO:colcon.colcon_core.executor:Executing jobs using 'parallel' executor
[6.754s] DEBUG:colcon.colcon_parallel_executor.executor.parallel:run_until_complete
[6.754s] INFO:colcon.colcon_ros.task.ament_python.build:Building ROS package in '/home/inteli/modulo8-p2/ros2_ws/src/chatbot' with build type 'ament_python'
[6.754s] Level 1:colcon.colcon_core.shell:create_environment_hook('chatbot', 'ament_prefix_path')
[6.771s] INFO:colcon.colcon_core.plugin_system:Skipping extension 'colcon_core.shell.bat': Not used on non-Windows systems
[6.771s] INFO:colcon.colcon_core.shell:Creating environment hook '/home/inteli/modulo8-p2/ros2_ws/install/chatbot/share/chatbot/hook/ament_prefix_path.ps1'
[6.773s] INFO:colcon.colcon_core.shell:Creating environment descriptor '/home/inteli/modulo8-p2/ros2_ws/install/chatbot/share/chatbot/hook/ament_prefix_path.dsv'
[6.774s] INFO:colcon.colcon_core.shell:Creating environment hook '/home/inteli/modulo8-p2/ros2_ws/install/chatbot/share/chatbot/hook/ament_prefix_path.sh'
[6.776s] INFO:colcon.colcon_core.shell:Skip shell extension 'powershell' for command environment: Not usable outside of PowerShell
[6.776s] DEBUG:colcon.colcon_core.shell:Skip shell extension 'dsv' for command environment
[7.036s] INFO:colcon.colcon_core.task.python.build:Building Python package in '/home/inteli/modulo8-p2/ros2_ws/src/chatbot'
[7.036s] INFO:colcon.colcon_core.shell:Skip shell extension 'powershell' for command environment: Not usable outside of PowerShell
[7.036s] DEBUG:colcon.colcon_core.shell:Skip shell extension 'dsv' for command environment
[8.773s] DEBUG:colcon.colcon_core.event_handler.log_command:Invoking command in '/home/inteli/modulo8-p2/ros2_ws/src/chatbot': PYTHONPATH=/home/inteli/modulo8-p2/ros2_ws/build/chatbot/prefix_override:/usr/lib/python3/dist-packages/colcon_core/task/python/colcon_distutils_commands:/home/inteli/modulo8-p2/ros2_ws/install/chatbot/lib/python3.10/site-packages:${PYTHONPATH} /usr/bin/python3 -W ignore:setup.py install is deprecated -W ignore:easy_install command is deprecated setup.py egg_info --egg-base ../../build/chatbot build --build-base /home/inteli/modulo8-p2/ros2_ws/build/chatbot/build install --record /home/inteli/modulo8-p2/ros2_ws/build/chatbot/install.log --single-version-externally-managed install_data
[9.052s] DEBUG:colcon.colcon_core.event_handler.log_command:Invoked command in '/home/inteli/modulo8-p2/ros2_ws/src/chatbot' returned '0': PYTHONPATH=/home/inteli/modulo8-p2/ros2_ws/build/chatbot/prefix_override:/usr/lib/python3/dist-packages/colcon_core/task/python/colcon_distutils_commands:/home/inteli/modulo8-p2/ros2_ws/install/chatbot/lib/python3.10/site-packages:${PYTHONPATH} /usr/bin/python3 -W ignore:setup.py install is deprecated -W ignore:easy_install command is deprecated setup.py egg_info --egg-base ../../build/chatbot build --build-base /home/inteli/modulo8-p2/ros2_ws/build/chatbot/build install --record /home/inteli/modulo8-p2/ros2_ws/build/chatbot/install.log --single-version-externally-managed install_data
[9.323s] Level 1:colcon.colcon_core.environment:checking '/home/inteli/modulo8-p2/ros2_ws/install/chatbot' for CMake module files
[9.324s] Level 1:colcon.colcon_core.environment:checking '/home/inteli/modulo8-p2/ros2_ws/install/chatbot' for CMake config files
[9.326s] Level 1:colcon.colcon_core.environment:checking '/home/inteli/modulo8-p2/ros2_ws/install/chatbot/lib'
[9.326s] Level 1:colcon.colcon_core.environment:checking '/home/inteli/modulo8-p2/ros2_ws/install/chatbot/bin'
[9.326s] Level 1:colcon.colcon_core.environment:checking '/home/inteli/modulo8-p2/ros2_ws/install/chatbot/lib/pkgconfig/chatbot.pc'
[9.326s] Level 1:colcon.colcon_core.environment:checking '/home/inteli/modulo8-p2/ros2_ws/install/chatbot/lib/python3.10/site-packages'
[9.327s] Level 1:colcon.colcon_core.shell:create_environment_hook('chatbot', 'pythonpath')
[9.327s] INFO:colcon.colcon_core.shell:Creating environment hook '/home/inteli/modulo8-p2/ros2_ws/install/chatbot/share/chatbot/hook/pythonpath.ps1'
[9.328s] INFO:colcon.colcon_core.shell:Creating environment descriptor '/home/inteli/modulo8-p2/ros2_ws/install/chatbot/share/chatbot/hook/pythonpath.dsv'
[9.342s] INFO:colcon.colcon_core.shell:Creating environment hook '/home/inteli/modulo8-p2/ros2_ws/install/chatbot/share/chatbot/hook/pythonpath.sh'
[9.344s] Level 1:colcon.colcon_core.environment:checking '/home/inteli/modulo8-p2/ros2_ws/install/chatbot/bin'
[9.344s] Level 1:colcon.colcon_core.environment:create_environment_scripts_only(chatbot)
[9.345s] INFO:colcon.colcon_core.shell:Creating package script '/home/inteli/modulo8-p2/ros2_ws/install/chatbot/share/chatbot/package.ps1'
[9.358s] INFO:colcon.colcon_core.shell:Creating package descriptor '/home/inteli/modulo8-p2/ros2_ws/install/chatbot/share/chatbot/package.dsv'
[9.371s] INFO:colcon.colcon_core.shell:Creating package script '/home/inteli/modulo8-p2/ros2_ws/install/chatbot/share/chatbot/package.sh'
[9.386s] INFO:colcon.colcon_core.shell:Creating package script '/home/inteli/modulo8-p2/ros2_ws/install/chatbot/share/chatbot/package.bash'
[9.400s] INFO:colcon.colcon_core.shell:Creating package script '/home/inteli/modulo8-p2/ros2_ws/install/chatbot/share/chatbot/package.zsh'
[9.415s] Level 1:colcon.colcon_core.environment:create_file_with_runtime_dependencies(/home/inteli/modulo8-p2/ros2_ws/install/chatbot/share/colcon-core/packages/chatbot)
[9.427s] DEBUG:colcon.colcon_parallel_executor.executor.parallel:closing loop
[9.428s] DEBUG:colcon.colcon_parallel_executor.executor.parallel:loop closed
[9.428s] DEBUG:colcon.colcon_parallel_executor.executor.parallel:run_until_complete finished with '0'
[9.428s] DEBUG:colcon.colcon_core.event_reactor:joining thread
[9.634s] INFO:colcon.colcon_core.plugin_system:Skipping extension 'colcon_notification.desktop_notification.terminal_notifier': Not used on non-Darwin systems
[9.635s] INFO:colcon.colcon_core.plugin_system:Skipping extension 'colcon_notification.desktop_notification.win32': Not used on non-Windows systems
[9.635s] INFO:colcon.colcon_notification.desktop_notification:Sending desktop notification using 'notify2'
[9.659s] DEBUG:colcon.colcon_core.event_reactor:joined thread
[9.659s] INFO:colcon.colcon_core.shell:Creating prefix script '/home/inteli/modulo8-p2/ros2_ws/install/local_setup.ps1'
[9.672s] INFO:colcon.colcon_core.shell:Creating prefix util module '/home/inteli/modulo8-p2/ros2_ws/install/_local_setup_util_ps1.py'
[9.686s] INFO:colcon.colcon_core.shell:Creating prefix chain script '/home/inteli/modulo8-p2/ros2_ws/install/setup.ps1'
[9.700s] INFO:colcon.colcon_core.shell:Creating prefix script '/home/inteli/modulo8-p2/ros2_ws/install/local_setup.sh'
[9.714s] INFO:colcon.colcon_core.shell:Creating prefix util module '/home/inteli/modulo8-p2/ros2_ws/install/_local_setup_util_sh.py'
[9.726s] INFO:colcon.colcon_core.shell:Creating prefix chain script '/home/inteli/modulo8-p2/ros2_ws/install/setup.sh'
[9.729s] INFO:colcon.colcon_core.shell:Creating prefix script '/home/inteli/modulo8-p2/ros2_ws/install/local_setup.bash'
[9.742s] INFO:colcon.colcon_core.shell:Creating prefix chain script '/home/inteli/modulo8-p2/ros2_ws/install/setup.bash'
[9.757s] INFO:colcon.colcon_core.shell:Creating prefix script '/home/inteli/modulo8-p2/ros2_ws/install/local_setup.zsh'
[9.773s] INFO:colcon.colcon_core.shell:Creating prefix chain script '/home/inteli/modulo8-p2/ros2_ws/install/setup.zsh'
