[0.432s] Invoking command in '/home/inteli/modulo8-p2/ros2_ws/src/chatbot': PYTHONPATH=/home/inteli/modulo8-p2/ros2_ws/build/chatbot/prefix_override:/usr/lib/python3/dist-packages/colcon_core/task/python/colcon_distutils_commands:/home/inteli/modulo8-p2/ros2_ws/install/chatbot/lib/python3.10/site-packages:${PYTHONPATH} /usr/bin/python3 -W ignore:setup.py install is deprecated -W ignore:easy_install command is deprecated setup.py egg_info --egg-base ../../build/chatbot build --build-base /home/inteli/modulo8-p2/ros2_ws/build/chatbot/build install --record /home/inteli/modulo8-p2/ros2_ws/build/chatbot/install.log --single-version-externally-managed install_data
[0.584s] running egg_info
[0.585s] writing ../../build/chatbot/chatbot.egg-info/PKG-INFO
[0.585s] writing dependency_links to ../../build/chatbot/chatbot.egg-info/dependency_links.txt
[0.598s] writing entry points to ../../build/chatbot/chatbot.egg-info/entry_points.txt
[0.598s] writing requirements to ../../build/chatbot/chatbot.egg-info/requires.txt
[0.599s] writing top-level names to ../../build/chatbot/chatbot.egg-info/top_level.txt
[0.601s] reading manifest file '../../build/chatbot/chatbot.egg-info/SOURCES.txt'
[0.602s] writing manifest file '../../build/chatbot/chatbot.egg-info/SOURCES.txt'
[0.602s] running build
[0.602s] running build_py
[0.602s] running install
[0.602s] running install_lib
[0.603s] running install_data
[0.603s] running install_egg_info
[0.604s] removing '/home/inteli/modulo8-p2/ros2_ws/install/chatbot/lib/python3.10/site-packages/chatbot-0.0.0-py3.10.egg-info' (and everything under it)
[0.604s] Copying ../../build/chatbot/chatbot.egg-info to /home/inteli/modulo8-p2/ros2_ws/install/chatbot/lib/python3.10/site-packages/chatbot-0.0.0-py3.10.egg-info
[0.605s] running install_scripts
[0.619s] Installing chatbot script to /home/inteli/modulo8-p2/ros2_ws/install/chatbot/lib/chatbot
[0.619s] writing list of installed files to '/home/inteli/modulo8-p2/ros2_ws/build/chatbot/install.log'
[0.650s] Invoked command in '/home/inteli/modulo8-p2/ros2_ws/src/chatbot' returned '0': PYTHONPATH=/home/inteli/modulo8-p2/ros2_ws/build/chatbot/prefix_override:/usr/lib/python3/dist-packages/colcon_core/task/python/colcon_distutils_commands:/home/inteli/modulo8-p2/ros2_ws/install/chatbot/lib/python3.10/site-packages:${PYTHONPATH} /usr/bin/python3 -W ignore:setup.py install is deprecated -W ignore:easy_install command is deprecated setup.py egg_info --egg-base ../../build/chatbot build --build-base /home/inteli/modulo8-p2/ros2_ws/build/chatbot/build install --record /home/inteli/modulo8-p2/ros2_ws/build/chatbot/install.log --single-version-externally-managed install_data
