[2.019s] Invoking command in '/home/inteli/modulo8-p2/ros2_ws/src/chatbot': PYTHONPATH=/home/inteli/modulo8-p2/ros2_ws/build/chatbot/prefix_override:/usr/lib/python3/dist-packages/colcon_core/task/python/colcon_distutils_commands:/home/inteli/modulo8-p2/ros2_ws/install/chatbot/lib/python3.10/site-packages:${PYTHONPATH} /usr/bin/python3 -W ignore:setup.py install is deprecated -W ignore:easy_install command is deprecated setup.py egg_info --egg-base ../../build/chatbot build --build-base /home/inteli/modulo8-p2/ros2_ws/build/chatbot/build install --record /home/inteli/modulo8-p2/ros2_ws/build/chatbot/install.log --single-version-externally-managed install_data
[2.184s] running egg_info
[2.185s] writing ../../build/chatbot/chatbot.egg-info/PKG-INFO
[2.185s] writing dependency_links to ../../build/chatbot/chatbot.egg-info/dependency_links.txt
[2.197s] writing entry points to ../../build/chatbot/chatbot.egg-info/entry_points.txt
[2.198s] writing requirements to ../../build/chatbot/chatbot.egg-info/requires.txt
[2.198s] writing top-level names to ../../build/chatbot/chatbot.egg-info/top_level.txt
[2.201s] reading manifest file '../../build/chatbot/chatbot.egg-info/SOURCES.txt'
[2.214s] writing manifest file '../../build/chatbot/chatbot.egg-info/SOURCES.txt'
[2.214s] running build
[2.214s] running build_py
[2.214s] copying chatbot/chatbot.py -> /home/inteli/modulo8-p2/ros2_ws/build/chatbot/build/lib/chatbot
[2.214s] running install
[2.215s] running install_lib
[2.215s] copying /home/inteli/modulo8-p2/ros2_ws/build/chatbot/build/lib/chatbot/chatbot.py -> /home/inteli/modulo8-p2/ros2_ws/install/chatbot/lib/python3.10/site-packages/chatbot
[2.216s] byte-compiling /home/inteli/modulo8-p2/ros2_ws/install/chatbot/lib/python3.10/site-packages/chatbot/chatbot.py to chatbot.cpython-310.pyc
[2.225s] running install_data
[2.226s] running install_egg_info
[2.228s] removing '/home/inteli/modulo8-p2/ros2_ws/install/chatbot/lib/python3.10/site-packages/chatbot-0.0.0-py3.10.egg-info' (and everything under it)
[2.229s] Copying ../../build/chatbot/chatbot.egg-info to /home/inteli/modulo8-p2/ros2_ws/install/chatbot/lib/python3.10/site-packages/chatbot-0.0.0-py3.10.egg-info
[2.242s] running install_scripts
[2.263s] Installing chatbot script to /home/inteli/modulo8-p2/ros2_ws/install/chatbot/lib/chatbot
[2.278s] writing list of installed files to '/home/inteli/modulo8-p2/ros2_ws/build/chatbot/install.log'
[2.297s] Invoked command in '/home/inteli/modulo8-p2/ros2_ws/src/chatbot' returned '0': PYTHONPATH=/home/inteli/modulo8-p2/ros2_ws/build/chatbot/prefix_override:/usr/lib/python3/dist-packages/colcon_core/task/python/colcon_distutils_commands:/home/inteli/modulo8-p2/ros2_ws/install/chatbot/lib/python3.10/site-packages:${PYTHONPATH} /usr/bin/python3 -W ignore:setup.py install is deprecated -W ignore:easy_install command is deprecated setup.py egg_info --egg-base ../../build/chatbot build --build-base /home/inteli/modulo8-p2/ros2_ws/build/chatbot/build install --record /home/inteli/modulo8-p2/ros2_ws/build/chatbot/install.log --single-version-externally-managed install_data
